<?xml version="1.0" encoding="UTF-8"?>
<!-- Generated by org.testng.reporters.JUnitReportReporter -->
<testsuite skipped="0" hostname="DESKTOP-CSUPKOQ" name="tests.wp.WrongPasswordLoginTest" tests="1" failures="0" timestamp="02 Apr 2018 13:17:46 GMT" time="1.612" errors="0">
  <testcase name="test" time="1.612" classname="tests.wp.WrongPasswordLoginTest"/>
</testsuite> <!-- tests.wp.WrongPasswordLoginTest -->
