<?xml version="1.0" encoding="UTF-8"?>
<!-- Generated by org.testng.reporters.JUnitReportReporter -->
<testsuite skipped="0" hostname="DESKTOP-CSUPKOQ" name="tests.wp.LoginTest" tests="1" failures="0" timestamp="11 Apr 2018 08:34:35 GMT" time="3.837" errors="0">
  <testcase name="test" time="3.837" classname="tests.wp.LoginTest"/>
</testsuite> <!-- tests.wp.LoginTest -->
