<?xml version="1.0" encoding="UTF-8"?>
<!-- Generated by org.testng.reporters.JUnitReportReporter -->
<testsuite skipped="0" hostname="DESKTOP-CSUPKOQ" name="tests.wp.AddNewUser" tests="1" failures="0" timestamp="02 Apr 2018 12:10:07 GMT" time="10.584" errors="0">
  <testcase name="test" time="10.584" classname="tests.wp.AddNewUser"/>
</testsuite> <!-- tests.wp.AddNewUser -->
