<?xml version="1.0" encoding="UTF-8"?>
<!-- Generated by org.testng.reporters.JUnitReportReporter -->
<testsuite skipped="0" hostname="DESKTOP-CSUPKOQ" name="tests.wp.AddNewPostTest" tests="1" failures="0" timestamp="11 Apr 2018 12:35:37 GMT" time="15.476" errors="0">
  <testcase name="test" time="15.476" classname="tests.wp.AddNewPostTest"/>
</testsuite> <!-- tests.wp.AddNewPostTest -->
